nohup: ignoring input
2026-04-27T09:27:24.332Z	[34mINFO[0m	server/main.go:32	Starting jinom-vpn	{"env": "development", "listen": ":8090"}
2026-04-27T09:27:24.350Z	[34mINFO[0m	database/postgres.go:41	Connected to PostgreSQL	{"host": "127.0.0.1", "port": 15432, "db": "nms_db"}
2026-04-27T09:27:24.350Z	[34mINFO[0m	server/main.go:50	Crypto service initialized
2026-04-27T09:27:24.350Z	[34mINFO[0m	server/main.go:69	VPS_PUBLIC_IP configured	{"ip": "10.70.103.56"}

 ┌───────────────────────────────────────────────────┐ 
 │                   Fiber v2.52.6                   │ 
 │               http://127.0.0.1:8090               │ 
 │       (bound on host 0.0.0.0 and port 8090)       │ 
 │                                                   │ 
 │ Handlers ............ 16  Processes ........... 1 │ 
 │ Prefork ....... Disabled  PID ............ 317320 │ 
 └───────────────────────────────────────────────────┘ 

2026-04-27T09:27:24.351Z	[34mINFO[0m	service/health_monitor_service.go:64	Health monitor started	{"interval": "1m0s", "fail_threshold": 5, "max_recoveries": 3}
2026-04-27T09:32:28.420Z	[33mWARN[0m	service/health_monitor_service.go:146	Tunnel unhealthy, attempting recovery	{"tunnel_id": "b95782c0-067b-4bb8-a42e-69cbd136f190", "namespace": "ns-res-444", "reason": "peer unreachable", "consecutive_failures": 5}
github.com/jinom/vpn/internal/service.(*HealthMonitorService).handleFailure
	/home/homenet/dev/jinom-project/jinom-vpn/internal/service/health_monitor_service.go:146
github.com/jinom/vpn/internal/service.(*HealthMonitorService).checkTunnel
	/home/homenet/dev/jinom-project/jinom-vpn/internal/service/health_monitor_service.go:126
github.com/jinom/vpn/internal/service.(*HealthMonitorService).checkAllTunnels
	/home/homenet/dev/jinom-project/jinom-vpn/internal/service/health_monitor_service.go:112
github.com/jinom/vpn/internal/service.(*HealthMonitorService).Start.func1
	/home/homenet/dev/jinom-project/jinom-vpn/internal/service/health_monitor_service.go:79
2026-04-27T09:32:28.421Z	[34mINFO[0m	service/health_monitor_service.go:190	Attempting tunnel recovery	{"tunnel_id": "b95782c0-067b-4bb8-a42e-69cbd136f190", "namespace": "ns-res-444", "vpn_type": "l2tp"}
2026-04-27T09:32:28.421Z	[34mINFO[0m	service/l2tp_service.go:290	Tearing down L2TP/IPSec tunnel	{"namespace": "ns-res-444"}
2026-04-27T09:32:29.561Z	[34mINFO[0m	service/l2tp_service.go:40	Setting up L2TP/IPSec tunnel	{"namespace": "ns-res-444", "tunnel": "testing2", "tunnel_index": 81}
2026-04-27T09:32:32.613Z	[34mINFO[0m	service/l2tp_service.go:233	IPSec status after start	{"namespace": "ns-res-444", "status": "Status of IKE charon daemon (strongSwan 5.9.13, Linux 6.8.0-101-generic, x86_64):\n  uptime: 2 seconds, since Apr 27 09:32:30 2026\n  malloc: sbrk 2572288, mmap 0, used 651472, free 1920816\n  worker threads: 11 of 16 idle, 5/0/0/0 working, job queue: 0/0/0/0, scheduled: 0\n  loaded plugins: charon aesni aes rc2 sha2 sha1 md5 mgf1 random nonce x509 revocation constraints pubkey pkcs1 pkcs7 pkcs12 pgp dnskey sshkey pem openssl pkcs8 fips-prf gmp agent xcbc hmac kdf gcm drbg attr kernel-netlink resolve socket-default connmark forecast farp stroke updown eap-identity eap-aka eap-md5 eap-gtc eap-mschapv2 eap-dynamic eap-radius eap-tls eap-ttls eap-peap eap-tnc xauth-generic xauth-eap xauth-pam tnc-tnccs dhcp lookip error-notify certexpire led addrblock unity counters\nListening IP addresses:\n  10.254.1.70\nConnections:\njinom-ns-res-444:  10.254.1.70...10.70.94.190  IKEv1/2\njinom-ns-res-444:   local:  [10.70.103.56] uses pre-shared key authentication\njinom-ns-res-444:   remote: [10.70.94.190] uses pre-shared key authentication\njinom-ns-res-444:   child:  dynamic === dynamic TRANSPORT\nSecurity Associations (0 up, 0 connecting):\n  none\n"}
2026-04-27T09:32:33.419Z	[34mINFO[0m	service/l2tp_service.go:270	xl2tpd started	{"namespace": "ns-res-444", "pid_file": "/run/xl2tpd-ns-res-444.pid"}
2026-04-27T09:32:33.419Z	[34mINFO[0m	service/health_monitor_service.go:215	Tunnel recovery initiated	{"tunnel_id": "b95782c0-067b-4bb8-a42e-69cbd136f190"}
2026-04-27T09:32:37.445Z	[33mWARN[0m	service/health_monitor_service.go:146	Tunnel unhealthy, attempting recovery	{"tunnel_id": "2bbceff7-e90b-4b78-8a60-0338ea37d1f4", "namespace": "ns-res-555", "reason": "peer unreachable", "consecutive_failures": 5}
github.com/jinom/vpn/internal/service.(*HealthMonitorService).handleFailure
	/home/homenet/dev/jinom-project/jinom-vpn/internal/service/health_monitor_service.go:146
github.com/jinom/vpn/internal/service.(*HealthMonitorService).checkTunnel
	/home/homenet/dev/jinom-project/jinom-vpn/internal/service/health_monitor_service.go:126
github.com/jinom/vpn/internal/service.(*HealthMonitorService).checkAllTunnels
	/home/homenet/dev/jinom-project/jinom-vpn/internal/service/health_monitor_service.go:112
github.com/jinom/vpn/internal/service.(*HealthMonitorService).Start.func1
	/home/homenet/dev/jinom-project/jinom-vpn/internal/service/health_monitor_service.go:79
2026-04-27T09:32:37.445Z	[34mINFO[0m	service/health_monitor_service.go:190	Attempting tunnel recovery	{"tunnel_id": "2bbceff7-e90b-4b78-8a60-0338ea37d1f4", "namespace": "ns-res-555", "vpn_type": "l2tp"}
2026-04-27T09:32:37.445Z	[34mINFO[0m	service/l2tp_service.go:290	Tearing down L2TP/IPSec tunnel	{"namespace": "ns-res-555"}
2026-04-27T09:32:38.666Z	[34mINFO[0m	service/l2tp_service.go:40	Setting up L2TP/IPSec tunnel	{"namespace": "ns-res-555", "tunnel": "PIR", "tunnel_index": 82}
2026-04-27T09:32:41.643Z	[34mINFO[0m	service/l2tp_service.go:233	IPSec status after start	{"namespace": "ns-res-555", "status": "Status of IKE charon daemon (strongSwan 5.9.13, Linux 6.8.0-101-generic, x86_64):\n  uptime: 2 seconds, since Apr 27 09:32:39 2026\n  malloc: sbrk 2572288, mmap 0, used 651424, free 1920864\n  worker threads: 11 of 16 idle, 5/0/0/0 working, job queue: 0/0/0/0, scheduled: 0\n  loaded plugins: charon aesni aes rc2 sha2 sha1 md5 mgf1 random nonce x509 revocation constraints pubkey pkcs1 pkcs7 pkcs12 pgp dnskey sshkey pem openssl pkcs8 fips-prf gmp agent xcbc hmac kdf gcm drbg attr kernel-netlink resolve socket-default connmark forecast farp stroke updown eap-identity eap-aka eap-md5 eap-gtc eap-mschapv2 eap-dynamic eap-radius eap-tls eap-ttls eap-peap eap-tnc xauth-generic xauth-eap xauth-pam tnc-tnccs dhcp lookip error-notify certexpire led addrblock unity counters\nListening IP addresses:\n  10.254.1.74\nConnections:\njinom-ns-res-555:  10.254.1.74...10.70.86.122  IKEv1/2\njinom-ns-res-555:   local:  [10.70.103.56] uses pre-shared key authentication\njinom-ns-res-555:   remote: [10.70.86.122] uses pre-shared key authentication\njinom-ns-res-555:   child:  dynamic === dynamic TRANSPORT\nSecurity Associations (0 up, 0 connecting):\n  none\n"}
2026-04-27T09:32:42.423Z	[34mINFO[0m	service/l2tp_service.go:270	xl2tpd started	{"namespace": "ns-res-555", "pid_file": "/run/xl2tpd-ns-res-555.pid"}
2026-04-27T09:32:42.423Z	[34mINFO[0m	service/health_monitor_service.go:215	Tunnel recovery initiated	{"tunnel_id": "2bbceff7-e90b-4b78-8a60-0338ea37d1f4"}
2026-04-27T09:37:28.389Z	[33mWARN[0m	service/health_monitor_service.go:146	Tunnel unhealthy, attempting recovery	{"tunnel_id": "b95782c0-067b-4bb8-a42e-69cbd136f190", "namespace": "ns-res-444", "reason": "peer unreachable", "consecutive_failures": 5}
github.com/jinom/vpn/internal/service.(*HealthMonitorService).handleFailure
	/home/homenet/dev/jinom-project/jinom-vpn/internal/service/health_monitor_service.go:146
github.com/jinom/vpn/internal/service.(*HealthMonitorService).checkTunnel
	/home/homenet/dev/jinom-project/jinom-vpn/internal/service/health_monitor_service.go:126
github.com/jinom/vpn/internal/service.(*HealthMonitorService).checkAllTunnels
	/home/homenet/dev/jinom-project/jinom-vpn/internal/service/health_monitor_service.go:112
github.com/jinom/vpn/internal/service.(*HealthMonitorService).Start.func1
	/home/homenet/dev/jinom-project/jinom-vpn/internal/service/health_monitor_service.go:79
2026-04-27T09:37:32.424Z	[33mWARN[0m	service/health_monitor_service.go:146	Tunnel unhealthy, attempting recovery	{"tunnel_id": "2bbceff7-e90b-4b78-8a60-0338ea37d1f4", "namespace": "ns-res-555", "reason": "peer unreachable", "consecutive_failures": 5}
github.com/jinom/vpn/internal/service.(*HealthMonitorService).handleFailure
	/home/homenet/dev/jinom-project/jinom-vpn/internal/service/health_monitor_service.go:146
github.com/jinom/vpn/internal/service.(*HealthMonitorService).checkTunnel
	/home/homenet/dev/jinom-project/jinom-vpn/internal/service/health_monitor_service.go:126
github.com/jinom/vpn/internal/service.(*HealthMonitorService).checkAllTunnels
	/home/homenet/dev/jinom-project/jinom-vpn/internal/service/health_monitor_service.go:112
github.com/jinom/vpn/internal/service.(*HealthMonitorService).Start.func1
	/home/homenet/dev/jinom-project/jinom-vpn/internal/service/health_monitor_service.go:79
2026-04-27T09:37:33.715Z	[34mINFO[0m	service/tunnel_service.go:170	Deactivating tunnel	{"id": "2bbceff7-e90b-4b78-8a60-0338ea37d1f4"}
2026-04-27T09:37:33.715Z	[34mINFO[0m	service/l2tp_service.go:290	Tearing down L2TP/IPSec tunnel	{"namespace": "ns-res-555"}
2026-04-27T09:37:34.852Z	[34mINFO[0m	service/namespace_service.go:38	Deleting network namespace	{"namespace": "ns-res-555"}
2026-04-27T09:37:39.723Z	[34mINFO[0m	service/tunnel_service.go:170	Deactivating tunnel	{"id": "b95782c0-067b-4bb8-a42e-69cbd136f190"}
2026-04-27T09:37:39.723Z	[34mINFO[0m	service/l2tp_service.go:290	Tearing down L2TP/IPSec tunnel	{"namespace": "ns-res-444"}
2026-04-27T09:37:40.763Z	[34mINFO[0m	service/namespace_service.go:38	Deleting network namespace	{"namespace": "ns-res-444"}
2026-04-27T09:37:42.948Z	[34mINFO[0m	service/tunnel_service.go:124	Activating tunnel	{"id": "2bbceff7-e90b-4b78-8a60-0338ea37d1f4", "namespace": "ns-res-555"}
2026-04-27T09:37:42.954Z	[34mINFO[0m	service/namespace_service.go:19	Creating network namespace	{"namespace": "ns-res-555"}
2026-04-27T09:37:42.971Z	[34mINFO[0m	service/l2tp_service.go:40	Setting up L2TP/IPSec tunnel	{"namespace": "ns-res-555", "tunnel": "PIR", "tunnel_index": 82}
2026-04-27T09:37:46.038Z	[34mINFO[0m	service/l2tp_service.go:233	IPSec status after start	{"namespace": "ns-res-555", "status": "Status of IKE charon daemon (strongSwan 5.9.13, Linux 6.8.0-101-generic, x86_64):\n  uptime: 2 seconds, since Apr 27 09:37:44 2026\n  malloc: sbrk 2572288, mmap 0, used 652960, free 1919328\n  worker threads: 11 of 16 idle, 5/0/0/0 working, job queue: 0/0/0/0, scheduled: 0\n  loaded plugins: charon aesni aes rc2 sha2 sha1 md5 mgf1 random nonce x509 revocation constraints pubkey pkcs1 pkcs7 pkcs12 pgp dnskey sshkey pem openssl pkcs8 fips-prf gmp agent xcbc hmac kdf gcm drbg attr kernel-netlink resolve socket-default connmark forecast farp stroke updown eap-identity eap-aka eap-md5 eap-gtc eap-mschapv2 eap-dynamic eap-radius eap-tls eap-ttls eap-peap eap-tnc xauth-generic xauth-eap xauth-pam tnc-tnccs dhcp lookip error-notify certexpire led addrblock unity counters\nListening IP addresses:\n  10.254.1.74\nConnections:\njinom-ns-res-555:  10.254.1.74...10.70.86.122  IKEv1/2\njinom-ns-res-555:   local:  [10.70.103.56] uses pre-shared key authentication\njinom-ns-res-555:   remote: [10.70.86.122] uses pre-shared key authentication\njinom-ns-res-555:   child:  dynamic === dynamic TRANSPORT\nSecurity Associations (0 up, 0 connecting):\n  none\n"}
2026-04-27T09:37:46.817Z	[34mINFO[0m	service/l2tp_service.go:270	xl2tpd started	{"namespace": "ns-res-555", "pid_file": "/run/xl2tpd-ns-res-555.pid"}
2026-04-27T09:37:46.819Z	[34mINFO[0m	service/tunnel_service.go:154	Tunnel activated	{"id": "2bbceff7-e90b-4b78-8a60-0338ea37d1f4"}
2026-04-27T09:37:46.819Z	[34mINFO[0m	service/tunnel_service.go:124	Activating tunnel	{"id": "b95782c0-067b-4bb8-a42e-69cbd136f190", "namespace": "ns-res-444"}
2026-04-27T09:37:46.824Z	[34mINFO[0m	service/namespace_service.go:19	Creating network namespace	{"namespace": "ns-res-444"}
2026-04-27T09:37:46.842Z	[34mINFO[0m	service/l2tp_service.go:40	Setting up L2TP/IPSec tunnel	{"namespace": "ns-res-444", "tunnel": "testing2", "tunnel_index": 81}
2026-04-27T09:37:49.938Z	[34mINFO[0m	service/l2tp_service.go:233	IPSec status after start	{"namespace": "ns-res-444", "status": "Status of IKE charon daemon (strongSwan 5.9.13, Linux 6.8.0-101-generic, x86_64):\n  uptime: 2 seconds, since Apr 27 09:37:47 2026\n  malloc: sbrk 2572288, mmap 0, used 653760, free 1918528\n  worker threads: 11 of 16 idle, 5/0/0/0 working, job queue: 0/0/0/0, scheduled: 0\n  loaded plugins: charon aesni aes rc2 sha2 sha1 md5 mgf1 random nonce x509 revocation constraints pubkey pkcs1 pkcs7 pkcs12 pgp dnskey sshkey pem openssl pkcs8 fips-prf gmp agent xcbc hmac kdf gcm drbg attr kernel-netlink resolve socket-default connmark forecast farp stroke updown eap-identity eap-aka eap-md5 eap-gtc eap-mschapv2 eap-dynamic eap-radius eap-tls eap-ttls eap-peap eap-tnc xauth-generic xauth-eap xauth-pam tnc-tnccs dhcp lookip error-notify certexpire led addrblock unity counters\nListening IP addresses:\n  10.254.1.70\nConnections:\njinom-ns-res-444:  10.254.1.70...10.70.94.190  IKEv1/2\njinom-ns-res-444:   local:  [10.70.103.56] uses pre-shared key authentication\njinom-ns-res-444:   remote: [10.70.94.190] uses pre-shared key authentication\njinom-ns-res-444:   child:  dynamic === dynamic TRANSPORT\nSecurity Associations (0 up, 0 connecting):\n  none\n"}
2026-04-27T09:37:50.725Z	[34mINFO[0m	service/l2tp_service.go:270	xl2tpd started	{"namespace": "ns-res-444", "pid_file": "/run/xl2tpd-ns-res-444.pid"}
2026-04-27T09:37:50.728Z	[34mINFO[0m	service/tunnel_service.go:154	Tunnel activated	{"id": "b95782c0-067b-4bb8-a42e-69cbd136f190"}
2026-04-27T09:38:25.583Z	[34mINFO[0m	server/main.go:122	Shutting down jinom-vpn...
2026-04-27T09:38:32.453Z	[34mINFO[0m	service/health_monitor_service.go:76	Health monitor stopped
2026-04-27T09:38:32.453Z	[34mINFO[0m	database/postgres.go:51	Closing PostgreSQL connection
